<?xml version="1.0" encoding="UTF-8"?>
<!-- Generated by org.testng.reporters.JUnitXMLReporter -->
<testsuite ignored="0" hostname="DESKTOP-JI5U9C8" failures="0" tests="5" name="Default test" time="3.671" errors="0" timestamp="2024-02-09T15:11:46 CST">
  <testcase classname="request_Response_APITestMethods.HttpRequests" name="getSingleUSer" time="1.521"/>
  <testcase classname="request_Response_APITestMethods.HttpRequests" name="getAllUSers" time="0.711"/>
  <testcase classname="request_Response_APITestMethods.HttpRequests" name="CreateUser" time="0.695"/>
  <testcase classname="request_Response_APITestMethods.HttpRequests" name="UpdateUser" time="0.367"/>
  <testcase classname="request_Response_APITestMethods.HttpRequests" name="DeleteUser" time="0.327"/>
</testsuite> <!-- Default test -->
