<?xml version="1.0" encoding="UTF-8"?>
<testsuite name="Default test"
           tests="5"
           failures="0"
           errors="0"
           skipped="0"
           time="3.621">
    <properties></properties>



            <testcase
                name="getAllUSers"
                time="0.711"
                classname="request_Response_APITestMethods.HttpRequests">
            </testcase>
            <testcase
                name="CreateUser"
                time="0.695"
                classname="request_Response_APITestMethods.HttpRequests">
            </testcase>
            <testcase
                name="DeleteUser"
                time="0.327"
                classname="request_Response_APITestMethods.HttpRequests">
            </testcase>
            <testcase
                name="getSingleUSer"
                time="1.521"
                classname="request_Response_APITestMethods.HttpRequests">
            </testcase>
            <testcase
                name="UpdateUser"
                time="0.367"
                classname="request_Response_APITestMethods.HttpRequests">
            </testcase>
</testsuite>
