<?xml version="1.0" encoding="UTF-8"?>
<testng-results ignored="0" total="5" passed="5" failed="0" skipped="0">
  <reporter-output>
  </reporter-output>
  <suite started-at="2024-02-09T15:11:42 CST" name="Default suite" finished-at="2024-02-09T15:11:46 CST" duration-ms="3671">
    <groups>
    </groups>
    <test started-at="2024-02-09T15:11:42 CST" name="Default test" finished-at="2024-02-09T15:11:46 CST" duration-ms="3671">
      <class name="request_Response_APITestMethods.HttpRequests">
        <test-method signature="getSingleUSer()[pri:1, instance:request_Response_APITestMethods.HttpRequests@2a798d51]" started-at="2024-02-09T15:11:42 CST" name="getSingleUSer" finished-at="2024-02-09T15:11:44 CST" duration-ms="1521" status="PASS">
          <reporter-output>
          </reporter-output>
        </test-method> <!-- getSingleUSer -->
        <test-method signature="getAllUSers()[pri:2, instance:request_Response_APITestMethods.HttpRequests@2a798d51]" started-at="2024-02-09T15:11:44 CST" name="getAllUSers" finished-at="2024-02-09T15:11:45 CST" duration-ms="711" status="PASS">
          <reporter-output>
          </reporter-output>
        </test-method> <!-- getAllUSers -->
        <test-method signature="CreateUser()[pri:3, instance:request_Response_APITestMethods.HttpRequests@2a798d51]" started-at="2024-02-09T15:11:45 CST" name="CreateUser" finished-at="2024-02-09T15:11:45 CST" duration-ms="695" status="PASS">
          <reporter-output>
          </reporter-output>
        </test-method> <!-- CreateUser -->
        <test-method signature="UpdateUser()[pri:4, instance:request_Response_APITestMethods.HttpRequests@2a798d51]" started-at="2024-02-09T15:11:45 CST" name="UpdateUser" finished-at="2024-02-09T15:11:46 CST" depends-on-methods="request_Response_APITestMethods.HttpRequests.CreateUser" duration-ms="367" status="PASS">
          <reporter-output>
          </reporter-output>
        </test-method> <!-- UpdateUser -->
        <test-method signature="DeleteUser()[pri:5, instance:request_Response_APITestMethods.HttpRequests@2a798d51]" started-at="2024-02-09T15:11:46 CST" name="DeleteUser" finished-at="2024-02-09T15:11:46 CST" duration-ms="327" status="PASS">
          <reporter-output>
          </reporter-output>
        </test-method> <!-- DeleteUser -->
      </class> <!-- request_Response_APITestMethods.HttpRequests -->
    </test> <!-- Default test -->
  </suite> <!-- Default suite -->
</testng-results>
